<?xml version="1.0" encoding="UTF-8"?>
<testsuite name="PasswordCheckTest" tests="2" skipped="0" failures="0" errors="0" timestamp="2019-12-10T12:11:22" hostname="linco-ThinkCentre-M73" time="0.033">
  <properties/>
  <testcase name="passwordIsValid()" classname="PasswordCheckTest" time="0.028"/>
  <testcase name="passwordIsOk()" classname="PasswordCheckTest" time="0.003"/>
  <system-out><![CDATA[]]></system-out>
  <system-err><![CDATA[]]></system-err>
</testsuite>
